2025-03-15T19:49:39.504+07:00  INFO 18504 --- [order-service] [main] v.c.i.f.o.OrderServiceApplication        : Starting OrderServiceApplication using Java 23.0.1 with PID 18504 (C:\musical-microservice\order-service\target\classes started by HP in C:\musical-microservice\order-service)
2025-03-15T19:49:39.509+07:00  INFO 18504 --- [order-service] [main] v.c.i.f.o.OrderServiceApplication        : No active profile set, falling back to 1 default profile: "default"
2025-03-15T19:49:40.743+07:00  INFO 18504 --- [order-service] [main] .s.d.r.c.RepositoryConfigurationDelegate : Bootstrapping Spring Data JPA repositories in DEFAULT mode.
2025-03-15T19:49:41.010+07:00  INFO 18504 --- [order-service] [main] .s.d.r.c.RepositoryConfigurationDelegate : Finished Spring Data repository scanning in 247 ms. Found 1 JPA repository interface.
2025-03-15T19:49:41.393+07:00  INFO 18504 --- [order-service] [main] o.s.cloud.context.scope.GenericScope     : BeanFactory id=c05bc730-cdab-3136-9dd2-6b1cc481441d
2025-03-15T19:49:42.028+07:00  INFO 18504 --- [order-service] [main] o.s.b.w.embedded.tomcat.TomcatWebServer  : Tomcat initialized with port 8086 (http)
2025-03-15T19:49:42.044+07:00  INFO 18504 --- [order-service] [main] o.apache.catalina.core.StandardService   : Starting service [Tomcat]
2025-03-15T19:49:42.044+07:00  INFO 18504 --- [order-service] [main] o.apache.catalina.core.StandardEngine    : Starting Servlet engine: [Apache Tomcat/10.1.36]
2025-03-15T19:49:42.140+07:00  INFO 18504 --- [order-service] [main] o.a.c.c.C.[Tomcat].[localhost].[/]       : Initializing Spring embedded WebApplicationContext
2025-03-15T19:49:42.140+07:00  INFO 18504 --- [order-service] [main] w.s.c.ServletWebServerApplicationContext : Root WebApplicationContext: initialization completed in 2561 ms
2025-03-15T19:49:42.335+07:00  INFO 18504 --- [order-service] [main] com.zaxxer.hikari.HikariDataSource       : HikariPool-1 - Starting...
2025-03-15T19:49:42.629+07:00  INFO 18504 --- [order-service] [main] com.zaxxer.hikari.pool.HikariPool        : HikariPool-1 - Added connection org.postgresql.jdbc.PgConnection@33751d49
2025-03-15T19:49:42.629+07:00  INFO 18504 --- [order-service] [main] com.zaxxer.hikari.HikariDataSource       : HikariPool-1 - Start completed.
2025-03-15T19:49:42.721+07:00  INFO 18504 --- [order-service] [main] o.hibernate.jpa.internal.util.LogHelper  : HHH000204: Processing PersistenceUnitInfo [name: default]
2025-03-15T19:49:42.829+07:00  INFO 18504 --- [order-service] [main] org.hibernate.Version                    : HHH000412: Hibernate ORM core version 6.6.8.Final
2025-03-15T19:49:42.899+07:00  INFO 18504 --- [order-service] [main] o.h.c.internal.RegionFactoryInitiator    : HHH000026: Second-level cache disabled
2025-03-15T19:49:43.291+07:00  INFO 18504 --- [order-service] [main] o.s.o.j.p.SpringPersistenceUnitInfo      : No LoadTimeWeaver setup: ignoring JPA class transformer
2025-03-15T19:49:43.475+07:00  INFO 18504 --- [order-service] [main] org.hibernate.orm.connections.pooling    : HHH10001005: Database info:
	Database JDBC URL [Connecting through datasource 'HikariDataSource (HikariPool-1)']
	Database driver: undefined/unknown
	Database version: 17.4
	Autocommit mode: undefined/unknown
	Isolation level: undefined/unknown
	Minimum pool size: undefined/unknown
	Maximum pool size: undefined/unknown
2025-03-15T19:49:44.602+07:00  INFO 18504 --- [order-service] [main] o.h.e.t.j.p.i.JtaPlatformInitiator       : HHH000489: No JTA platform available (set 'hibernate.transaction.jta.platform' to enable JTA platform integration)
2025-03-15T19:49:44.618+07:00  INFO 18504 --- [order-service] [main] j.LocalContainerEntityManagerFactoryBean : Initialized JPA EntityManagerFactory for persistence unit 'default'
2025-03-15T19:49:45.050+07:00  WARN 18504 --- [order-service] [main] ConfigServletWebServerApplicationContext : Exception encountered during context initialization - cancelling refresh attempt: org.springframework.beans.factory.UnsatisfiedDependencyException: Error creating bean with name 'orderProducer': Unsatisfied dependency expressed through field 'orderCreatedKafkaTemplate': No qualifying bean of type 'org.springframework.kafka.core.KafkaTemplate<java.lang.String, vn.com.iuh.fit.order_service.event.OrderCreatedEvent>' available: expected at least 1 bean which qualifies as autowire candidate. Dependency annotations: {@org.springframework.beans.factory.annotation.Autowired(required=true)}
2025-03-15T19:49:45.050+07:00  INFO 18504 --- [order-service] [main] j.LocalContainerEntityManagerFactoryBean : Closing JPA EntityManagerFactory for persistence unit 'default'
2025-03-15T19:49:45.050+07:00  INFO 18504 --- [order-service] [main] com.zaxxer.hikari.HikariDataSource       : HikariPool-1 - Shutdown initiated...
2025-03-15T19:49:45.066+07:00  INFO 18504 --- [order-service] [main] com.zaxxer.hikari.HikariDataSource       : HikariPool-1 - Shutdown completed.
2025-03-15T19:49:45.066+07:00  INFO 18504 --- [order-service] [main] o.apache.catalina.core.StandardService   : Stopping service [Tomcat]
2025-03-15T19:49:45.077+07:00  INFO 18504 --- [order-service] [main] .s.b.a.l.ConditionEvaluationReportLogger : 

Error starting ApplicationContext. To display the condition evaluation report re-run your application with 'debug' enabled.
2025-03-15T19:49:45.109+07:00 ERROR 18504 --- [order-service] [main] o.s.b.d.LoggingFailureAnalysisReporter   : 

***************************
APPLICATION FAILED TO START
***************************

Description:

Field orderCreatedKafkaTemplate in vn.com.iuh.fit.order_service.producer.OrderProducer required a bean of type 'org.springframework.kafka.core.KafkaTemplate' that could not be found.

The injection point has the following annotations:
	- @org.springframework.beans.factory.annotation.Autowired(required=true)


Action:

Consider defining a bean of type 'org.springframework.kafka.core.KafkaTemplate' in your configuration.

